<?xml version="1.0" encoding="UTF-8"?>
<testng-results ignored="0" total="1" passed="1" failed="0" skipped="0">
  <reporter-output>
  </reporter-output>
  <suite started-at="2020-05-19T18:49:19 IDT" name="Command line suite" finished-at="2020-05-19T18:49:31 IDT" duration-ms="11320">
    <groups>
      <group name="cucumber">
        <method signature="AbstractTestNGCucumberTests.runScenario(io.cucumber.testng.PickleWrapper, io.cucumber.testng.FeatureWrapper)[pri:0, instance:bdd.TestRunner@9597028]" name="runScenario" class="io.cucumber.testng.AbstractTestNGCucumberTests"/>
      </group> <!-- cucumber -->
    </groups>
    <test started-at="2020-05-19T18:49:19 IDT" name="Command line test" finished-at="2020-05-19T18:49:31 IDT" duration-ms="11320">
      <class name="bdd.TestRunner">
        <test-method is-config="true" signature="setUpClass()[pri:0, instance:bdd.TestRunner@9597028]" started-at="2020-05-19T18:49:19 IDT" name="setUpClass" finished-at="2020-05-19T18:49:20 IDT" duration-ms="357" status="PASS">
          <reporter-output>
          </reporter-output>
        </test-method> <!-- setUpClass -->
        <test-method signature="runScenario(io.cucumber.testng.PickleWrapper, io.cucumber.testng.FeatureWrapper)[pri:0, instance:bdd.TestRunner@9597028]" started-at="2020-05-19T18:49:20 IDT" name="runScenario" description="Runs Cucumber Scenarios" data-provider="scenarios" finished-at="2020-05-19T18:49:30 IDT" duration-ms="10876" status="PASS">
          <params>
            <param index="0">
              <value>
                <![CDATA["Verify if Delete Place functionality is working"]]>
              </value>
            </param>
            <param index="1">
              <value>
                <![CDATA["Validating Place API's"]]>
              </value>
            </param>
          </params>
          <reporter-output>
          </reporter-output>
        </test-method> <!-- runScenario -->
        <test-method is-config="true" signature="tearDownClass()[pri:0, instance:bdd.TestRunner@9597028]" started-at="2020-05-19T18:49:30 IDT" name="tearDownClass" finished-at="2020-05-19T18:49:31 IDT" duration-ms="55" status="PASS">
          <reporter-output>
          </reporter-output>
        </test-method> <!-- tearDownClass -->
      </class> <!-- bdd.TestRunner -->
    </test> <!-- Command line test -->
  </suite> <!-- Command line suite -->
</testng-results>
